<?xml version="1.0" encoding="UTF-8"?>
<testng-results ignored="0" total="1" passed="1" failed="0" skipped="0">
  <reporter-output>
  </reporter-output>
  <suite started-at="2024-05-26T10:58:12 IST" name="Default suite" finished-at="2024-05-26T10:58:58 IST" duration-ms="45794">
    <groups>
    </groups>
    <test started-at="2024-05-26T10:58:12 IST" name="Default test" finished-at="2024-05-26T10:58:58 IST" duration-ms="45794">
      <class name="com.ShoppersStack_testScripts.Verify_user_is_able_add_address_or_not_Test">
        <test-method is-config="true" signature="beforeTest()[pri:0, instance:com.ShoppersStack_testScripts.Verify_user_is_able_add_address_or_not_Test@2f4948e4]" started-at="2024-05-26T10:58:12 IST" name="beforeTest" finished-at="2024-05-26T10:58:12 IST" duration-ms="0" status="PASS">
          <reporter-output>
          </reporter-output>
        </test-method> <!-- beforeTest -->
        <test-method is-config="true" signature="beforeClass()[pri:0, instance:com.ShoppersStack_testScripts.Verify_user_is_able_add_address_or_not_Test@2f4948e4]" started-at="2024-05-26T10:58:12 IST" name="beforeClass" finished-at="2024-05-26T10:58:16 IST" duration-ms="3891" status="PASS">
          <reporter-output>
          </reporter-output>
        </test-method> <!-- beforeClass -->
        <test-method is-config="true" signature="beforeMethod()[pri:0, instance:com.ShoppersStack_testScripts.Verify_user_is_able_add_address_or_not_Test@2f4948e4]" started-at="2024-05-26T10:58:16 IST" name="beforeMethod" finished-at="2024-05-26T10:58:48 IST" duration-ms="31708" status="PASS">
          <reporter-output>
          </reporter-output>
        </test-method> <!-- beforeMethod -->
        <test-method signature="addAdress()[pri:0, instance:com.ShoppersStack_testScripts.Verify_user_is_able_add_address_or_not_Test@2f4948e4]" started-at="2024-05-26T10:58:48 IST" name="addAdress" finished-at="2024-05-26T10:58:54 IST" duration-ms="6111" status="PASS">
          <reporter-output>
          </reporter-output>
        </test-method> <!-- addAdress -->
        <test-method is-config="true" signature="afterMethod()[pri:0, instance:com.ShoppersStack_testScripts.Verify_user_is_able_add_address_or_not_Test@2f4948e4]" started-at="2024-05-26T10:58:54 IST" name="afterMethod" finished-at="2024-05-26T10:58:55 IST" duration-ms="744" status="PASS">
          <reporter-output>
          </reporter-output>
        </test-method> <!-- afterMethod -->
        <test-method is-config="true" signature="afterClass()[pri:0, instance:com.ShoppersStack_testScripts.Verify_user_is_able_add_address_or_not_Test@2f4948e4]" started-at="2024-05-26T10:58:55 IST" name="afterClass" finished-at="2024-05-26T10:58:58 IST" duration-ms="3289" status="PASS">
          <reporter-output>
          </reporter-output>
        </test-method> <!-- afterClass -->
        <test-method is-config="true" signature="afterTest()[pri:0, instance:com.ShoppersStack_testScripts.Verify_user_is_able_add_address_or_not_Test@2f4948e4]" started-at="2024-05-26T10:58:58 IST" name="afterTest" finished-at="2024-05-26T10:58:58 IST" duration-ms="0" status="PASS">
          <reporter-output>
          </reporter-output>
        </test-method> <!-- afterTest -->
        <test-method is-config="true" signature="afterSuite()[pri:0, instance:com.ShoppersStack_testScripts.Verify_user_is_able_add_address_or_not_Test@2f4948e4]" started-at="2024-05-26T10:58:58 IST" name="afterSuite" finished-at="2024-05-26T10:58:58 IST" duration-ms="0" status="PASS">
          <reporter-output>
          </reporter-output>
        </test-method> <!-- afterSuite -->
      </class> <!-- com.ShoppersStack_testScripts.Verify_user_is_able_add_address_or_not_Test -->
    </test> <!-- Default test -->
  </suite> <!-- Default suite -->
</testng-results>
